<?xml version="1.0" encoding="UTF-8"?>
<!-- Generated by org.testng.reporters.JUnitXMLReporter -->
<testsuite ignored="3" hostname="DESKTOP-TJ4QKAG" failures="0" tests="1" name="Default test" time="68.341" errors="0" timestamp="2023-12-21T10:57:46 IST">
  <testcase classname="TestScripts.testscript1" name="tc4" time="44.037"/>
  <testcase classname="TestScripts.testscript1" name="tc2" time="0.0">
    <ignored/>
  </testcase> <!-- tc2 -->
  <testcase classname="TestScripts.testscript1" name="tc1" time="0.0">
    <ignored/>
  </testcase> <!-- tc1 -->
  <testcase classname="TestScripts.testscript1" name="tc3" time="0.0">
    <ignored/>
  </testcase> <!-- tc3 -->
</testsuite> <!-- Default test -->
