<?xml version="1.0" encoding="UTF-8"?>
<!-- Generated by org.testng.reporters.JUnitXMLReporter -->
<testsuite ignored="10" hostname="DESKTOP-TJ4QKAG" failures="0" tests="3" name="Test" time="0.049" errors="0" timestamp="2023-12-22T11:38:44 IST">
  <testcase classname="GenericUtilities.BaseClass" name="@BeforeSuite startServer" time="0.049">
    <failure type="io.appium.java_client.service.local.InvalidServerInstanceException" message="The main Appium script does not exist at &amp;apos;C:\Users\sys\AppData\Roaming\npm\node_modules\appium\build\lib\main.js&amp;apos;">
      <![CDATA[io.appium.java_client.service.local.InvalidServerInstanceException: The main Appium script does not exist at 'C:\Users\sys\AppData\Roaming\npm\node_modules\appium\build\lib\main.js'
at io.appium.java_client.service.local.AppiumServiceBuilder.validatePath(AppiumServiceBuilder.java:128)
at io.appium.java_client.service.local.AppiumServiceBuilder.loadPathToMainScript(AppiumServiceBuilder.java:291)
at io.appium.java_client.service.local.AppiumServiceBuilder.createArgs(AppiumServiceBuilder.java:358)
at io.appium.java_client.service.local.AppiumServiceBuilder.createArgs(AppiumServiceBuilder.java:57)
at org.openqa.selenium.remote.service.DriverService$Builder.build(DriverService.java:463)
at GenericUtilities.BaseClass.startServer(BaseClass.java:59)
... Removed 19 stack frames]]>
    </failure>
  </testcase> <!-- @BeforeSuite startServer -->
  <testcase classname="GenericUtilities.BaseClass" name="@BeforeClass startApp" time="-1.703225324599E9">
    <skipped/>
  </testcase> <!-- @BeforeClass startApp -->
  <testcase classname="GenericUtilities.BaseClass" name="@BeforeMethod login" time="-1.703225324609E9">
    <skipped/>
  </testcase> <!-- @BeforeMethod login -->
  <testcase classname="GenericUtilities.BaseClass" name="@AfterClass closeApp" time="-1.703225324615E9">
    <skipped/>
  </testcase> <!-- @AfterClass closeApp -->
  <testcase classname="GenericUtilities.BaseClass" name="@BeforeClass startApp" time="-1.703225324616E9">
    <skipped/>
  </testcase> <!-- @BeforeClass startApp -->
  <testcase classname="GenericUtilities.BaseClass" name="@BeforeMethod login" time="-1.703225324618E9">
    <skipped/>
  </testcase> <!-- @BeforeMethod login -->
  <testcase classname="GenericUtilities.BaseClass" name="@AfterClass closeApp" time="-1.703225324623E9">
    <skipped/>
  </testcase> <!-- @AfterClass closeApp -->
  <testcase classname="GenericUtilities.BaseClass" name="@BeforeClass startApp" time="-1.703225324624E9">
    <skipped/>
  </testcase> <!-- @BeforeClass startApp -->
  <testcase classname="GenericUtilities.BaseClass" name="@BeforeMethod login" time="-1.703225324625E9">
    <skipped/>
  </testcase> <!-- @BeforeMethod login -->
  <testcase classname="GenericUtilities.BaseClass" name="@AfterClass closeApp" time="-1.703225324628E9">
    <skipped/>
  </testcase> <!-- @AfterClass closeApp -->
  <testcase classname="TestScripts.FavouriteTest" name="favourite" time="0.0">
    <skipped/>
  </testcase> <!-- favourite -->
  <testcase classname="TestScripts.CartTest" name="cartmoduletest" time="0.0">
    <skipped/>
  </testcase> <!-- cartmoduletest -->
  <testcase classname="TestScripts.InboxTest" name="tc3" time="0.0">
    <skipped/>
  </testcase> <!-- tc3 -->
  <testcase classname="GenericUtilities.BaseClass" name="@AfterSuite stopServer" time="0.0">
    <ignored/>
  </testcase> <!-- @AfterSuite stopServer -->
  <testcase classname="GenericUtilities.BaseClass" name="@AfterSuite stopServer" time="0.0">
    <ignored/>
  </testcase> <!-- @AfterSuite stopServer -->
  <testcase classname="GenericUtilities.BaseClass" name="@AfterSuite stopServer" time="0.0">
    <ignored/>
  </testcase> <!-- @AfterSuite stopServer -->
  <testcase classname="GenericUtilities.BaseClass" name="@AfterSuite stopServer" time="0.0">
    <ignored/>
  </testcase> <!-- @AfterSuite stopServer -->
  <testcase classname="GenericUtilities.BaseClass" name="@AfterSuite stopServer" time="0.0">
    <ignored/>
  </testcase> <!-- @AfterSuite stopServer -->
  <testcase classname="GenericUtilities.BaseClass" name="@BeforeSuite startServer" time="0.0">
    <ignored/>
  </testcase> <!-- @BeforeSuite startServer -->
  <testcase classname="GenericUtilities.BaseClass" name="@BeforeSuite startServer" time="0.0">
    <ignored/>
  </testcase> <!-- @BeforeSuite startServer -->
  <testcase classname="GenericUtilities.BaseClass" name="@BeforeSuite startServer" time="0.0">
    <ignored/>
  </testcase> <!-- @BeforeSuite startServer -->
  <testcase classname="GenericUtilities.BaseClass" name="@BeforeSuite startServer" time="0.0">
    <ignored/>
  </testcase> <!-- @BeforeSuite startServer -->
  <testcase classname="GenericUtilities.BaseClass" name="@BeforeSuite startServer" time="0.0">
    <ignored/>
  </testcase> <!-- @BeforeSuite startServer -->
</testsuite> <!-- Test -->
